DEBUG:urllib3.connectionpool:Starting new HTTPS connection (1): api.openweathermap.org:443
DEBUG:urllib3.connectionpool:https://api.openweathermap.org:443 "GET /data/2.5/forecast?q=minneapolis%2Cus&units=imperial&appid=bc9adb0f3a61ba7efd7daf4d2b198b98 HTTP/1.1" 200 16087
INFO:root:thanks,we get the weather
DEBUG:urllib3.connectionpool:Starting new HTTPS connection (1): api.openweathermap.org:443
DEBUG:urllib3.connectionpool:https://api.openweathermap.org:443 "GET /data/2.5/forecast?q=minneapolis%2C+us&units=imperial&appid=bc9adb0f3a61ba7efd7daf4d2b198b98 HTTP/1.1" 200 16087
DEBUG:urllib3.connectionpool:Starting new HTTPS connection (1): api.openweathermap.org:443
DEBUG:urllib3.connectionpool:https://api.openweathermap.org:443 "GET /data/2.5/forecast?q=minneapolis%2Cus&units=imperial&appid=bc9adb0f3a61ba7efd7daf4d2b198b98 HTTP/1.1" 200 16084
INFO:root:thanks,we get the weather
DEBUG:urllib3.connectionpool:Starting new HTTPS connection (1): api.openweathermap.org:443
DEBUG:urllib3.connectionpool:https://api.openweathermap.org:443 "GET /data/2.5/forecast?q=minneapolis%2C+us&units=imperial&appid=bc9adb0f3a61ba7efd7daf4d2b198b98 HTTP/1.1" 200 16084
DEBUG:urllib3.connectionpool:Starting new HTTPS connection (1): api.openweathermap.org:443
DEBUG:urllib3.connectionpool:https://api.openweathermap.org:443 "GET /data/2.5/forecast?q=minneapolis%2Cus&units=imperial&appid=bc9adb0f3a61ba7efd7daf4d2b198b98 HTTP/1.1" 200 16091
INFO:root:thanks,we get the weather
DEBUG:urllib3.connectionpool:Starting new HTTPS connection (1): api.openweathermap.org:443
DEBUG:urllib3.connectionpool:https://api.openweathermap.org:443 "GET /data/2.5/forecast?q=minneapolis%2C+us&units=imperial&appid=bc9adb0f3a61ba7efd7daf4d2b198b98 HTTP/1.1" 200 16091
DEBUG:urllib3.connectionpool:Starting new HTTPS connection (1): api.openweathermap.org:443
DEBUG:urllib3.connectionpool:https://api.openweathermap.org:443 "GET /data/2.5/forecast?q=minneapolis%2Cus&units=imperial&appid=bc9adb0f3a61ba7efd7daf4d2b198b98 HTTP/1.1" 200 16088
INFO:root:thanks,we get the weather
DEBUG:urllib3.connectionpool:Starting new HTTPS connection (1): api.openweathermap.org:443
DEBUG:urllib3.connectionpool:https://api.openweathermap.org:443 "GET /data/2.5/forecast?q=chicago%2C+us&units=imperial&appid=bc9adb0f3a61ba7efd7daf4d2b198b98 HTTP/1.1" 200 16228
DEBUG:urllib3.connectionpool:Starting new HTTPS connection (1): api.openweathermap.org:443
DEBUG:urllib3.connectionpool:https://api.openweathermap.org:443 "GET /data/2.5/forecast?q=minneapolis%2Cus&units=imperial&appid=bc9adb0f3a61ba7efd7daf4d2b198b98 HTTP/1.1" 200 16088
INFO:root:thanks,we get the weather
DEBUG:urllib3.connectionpool:Starting new HTTPS connection (1): api.openweathermap.org:443
DEBUG:urllib3.connectionpool:https://api.openweathermap.org:443 "GET /data/2.5/forecast?q=quito%2C+EC&units=imperial&appid=bc9adb0f3a61ba7efd7daf4d2b198b98 HTTP/1.1" 200 16437
DEBUG:urllib3.connectionpool:Starting new HTTPS connection (1): api.openweathermap.org:443
DEBUG:urllib3.connectionpool:https://api.openweathermap.org:443 "GET /data/2.5/forecast?q=minneapolis%2Cus&units=imperial&appid=bc9adb0f3a61ba7efd7daf4d2b198b98 HTTP/1.1" 200 16088
INFO:root:thanks,we get the weather
DEBUG:urllib3.connectionpool:Starting new HTTPS connection (1): api.openweathermap.org:443
DEBUG:urllib3.connectionpool:https://api.openweathermap.org:443 "GET /data/2.5/forecast?q=minneapolis%2C+us&units=imperial&appid=bc9adb0f3a61ba7efd7daf4d2b198b98 HTTP/1.1" 200 16088
